06-Oct-2022 11:43:28.880 INFO [main] org.apache.catalina.startup.VersionLoggerListener.log Server version name:   Apache Tomcat/9.0.67
06-Oct-2022 11:43:28.883 INFO [main] org.apache.catalina.startup.VersionLoggerListener.log Server built:          Sep 23 2022 11:22:29 UTC
06-Oct-2022 11:43:28.883 INFO [main] org.apache.catalina.startup.VersionLoggerListener.log Server version number: 9.0.67.0
06-Oct-2022 11:43:28.883 INFO [main] org.apache.catalina.startup.VersionLoggerListener.log OS Name:               Linux
06-Oct-2022 11:43:28.884 INFO [main] org.apache.catalina.startup.VersionLoggerListener.log OS Version:            5.15.57.1-microsoft-standard-WSL2
06-Oct-2022 11:43:28.884 INFO [main] org.apache.catalina.startup.VersionLoggerListener.log Architecture:          amd64
06-Oct-2022 11:43:28.884 INFO [main] org.apache.catalina.startup.VersionLoggerListener.log Java Home:             /usr/lib/jvm/java-11-openjdk-amd64
06-Oct-2022 11:43:28.884 INFO [main] org.apache.catalina.startup.VersionLoggerListener.log JVM Version:           11.0.16+8-post-Ubuntu-0ubuntu120.04
06-Oct-2022 11:43:28.884 INFO [main] org.apache.catalina.startup.VersionLoggerListener.log JVM Vendor:            Ubuntu
06-Oct-2022 11:43:28.884 INFO [main] org.apache.catalina.startup.VersionLoggerListener.log CATALINA_BASE:         /home/marcel/IES_101043/lab02/apache-tomcat-9.0.67/apache-tomcat-9.0.67
06-Oct-2022 11:43:28.884 INFO [main] org.apache.catalina.startup.VersionLoggerListener.log CATALINA_HOME:         /home/marcel/IES_101043/lab02/apache-tomcat-9.0.67/apache-tomcat-9.0.67
06-Oct-2022 11:43:28.915 INFO [main] org.apache.catalina.startup.VersionLoggerListener.log Command line argument: --add-opens=java.base/java.lang=ALL-UNNAMED
06-Oct-2022 11:43:28.915 INFO [main] org.apache.catalina.startup.VersionLoggerListener.log Command line argument: --add-opens=java.base/java.io=ALL-UNNAMED
06-Oct-2022 11:43:28.916 INFO [main] org.apache.catalina.startup.VersionLoggerListener.log Command line argument: --add-opens=java.base/java.util=ALL-UNNAMED
06-Oct-2022 11:43:28.916 INFO [main] org.apache.catalina.startup.VersionLoggerListener.log Command line argument: --add-opens=java.base/java.util.concurrent=ALL-UNNAMED
06-Oct-2022 11:43:28.916 INFO [main] org.apache.catalina.startup.VersionLoggerListener.log Command line argument: --add-opens=java.rmi/sun.rmi.transport=ALL-UNNAMED
06-Oct-2022 11:43:28.916 INFO [main] org.apache.catalina.startup.VersionLoggerListener.log Command line argument: -Djava.util.logging.config.file=/home/marcel/IES_101043/lab02/apache-tomcat-9.0.67/apache-tomcat-9.0.67/conf/logging.properties
06-Oct-2022 11:43:28.916 INFO [main] org.apache.catalina.startup.VersionLoggerListener.log Command line argument: -Djava.util.logging.manager=org.apache.juli.ClassLoaderLogManager
06-Oct-2022 11:43:28.916 INFO [main] org.apache.catalina.startup.VersionLoggerListener.log Command line argument: -Djdk.tls.ephemeralDHKeySize=2048
06-Oct-2022 11:43:28.916 INFO [main] org.apache.catalina.startup.VersionLoggerListener.log Command line argument: -Djava.protocol.handler.pkgs=org.apache.catalina.webresources
06-Oct-2022 11:43:28.916 INFO [main] org.apache.catalina.startup.VersionLoggerListener.log Command line argument: -Dorg.apache.catalina.security.SecurityListener.UMASK=0027
06-Oct-2022 11:43:28.917 INFO [main] org.apache.catalina.startup.VersionLoggerListener.log Command line argument: -Dignore.endorsed.dirs=
06-Oct-2022 11:43:28.917 INFO [main] org.apache.catalina.startup.VersionLoggerListener.log Command line argument: -Dcatalina.base=/home/marcel/IES_101043/lab02/apache-tomcat-9.0.67/apache-tomcat-9.0.67
06-Oct-2022 11:43:28.917 INFO [main] org.apache.catalina.startup.VersionLoggerListener.log Command line argument: -Dcatalina.home=/home/marcel/IES_101043/lab02/apache-tomcat-9.0.67/apache-tomcat-9.0.67
06-Oct-2022 11:43:28.917 INFO [main] org.apache.catalina.startup.VersionLoggerListener.log Command line argument: -Djava.io.tmpdir=/home/marcel/IES_101043/lab02/apache-tomcat-9.0.67/apache-tomcat-9.0.67/temp
06-Oct-2022 11:43:28.919 INFO [main] org.apache.catalina.core.AprLifecycleListener.lifecycleEvent The Apache Tomcat Native library which allows using OpenSSL was not found on the java.library.path: [/usr/java/packages/lib:/usr/lib/x86_64-linux-gnu/jni:/lib/x86_64-linux-gnu:/usr/lib/x86_64-linux-gnu:/usr/lib/jni:/lib:/usr/lib]
06-Oct-2022 11:43:29.323 INFO [main] org.apache.coyote.AbstractProtocol.init Initializing ProtocolHandler ["http-nio-8080"]
06-Oct-2022 11:43:29.357 INFO [main] org.apache.catalina.startup.Catalina.load Server initialization in [735] milliseconds
06-Oct-2022 11:43:29.436 INFO [main] org.apache.catalina.core.StandardService.startInternal Starting service [Catalina]
06-Oct-2022 11:43:29.436 INFO [main] org.apache.catalina.core.StandardEngine.startInternal Starting Servlet engine: [Apache Tomcat/9.0.67]
06-Oct-2022 11:43:29.444 INFO [main] org.apache.catalina.startup.HostConfig.deployDirectory Deploying web application directory [/home/marcel/IES_101043/lab02/apache-tomcat-9.0.67/apache-tomcat-9.0.67/webapps/manager]
06-Oct-2022 11:43:29.754 INFO [main] org.apache.catalina.startup.HostConfig.deployDirectory Deployment of web application directory [/home/marcel/IES_101043/lab02/apache-tomcat-9.0.67/apache-tomcat-9.0.67/webapps/manager] has finished in [310] ms
06-Oct-2022 11:43:29.754 INFO [main] org.apache.catalina.startup.HostConfig.deployDirectory Deploying web application directory [/home/marcel/IES_101043/lab02/apache-tomcat-9.0.67/apache-tomcat-9.0.67/webapps/ROOT]
06-Oct-2022 11:43:29.778 INFO [main] org.apache.catalina.startup.HostConfig.deployDirectory Deployment of web application directory [/home/marcel/IES_101043/lab02/apache-tomcat-9.0.67/apache-tomcat-9.0.67/webapps/ROOT] has finished in [24] ms
06-Oct-2022 11:43:29.778 INFO [main] org.apache.catalina.startup.HostConfig.deployDirectory Deploying web application directory [/home/marcel/IES_101043/lab02/apache-tomcat-9.0.67/apache-tomcat-9.0.67/webapps/examples]
06-Oct-2022 11:43:30.002 INFO [main] org.apache.catalina.startup.HostConfig.deployDirectory Deployment of web application directory [/home/marcel/IES_101043/lab02/apache-tomcat-9.0.67/apache-tomcat-9.0.67/webapps/examples] has finished in [224] ms
06-Oct-2022 11:43:30.003 INFO [main] org.apache.catalina.startup.HostConfig.deployDirectory Deploying web application directory [/home/marcel/IES_101043/lab02/apache-tomcat-9.0.67/apache-tomcat-9.0.67/webapps/docs]
06-Oct-2022 11:43:30.024 INFO [main] org.apache.catalina.startup.HostConfig.deployDirectory Deployment of web application directory [/home/marcel/IES_101043/lab02/apache-tomcat-9.0.67/apache-tomcat-9.0.67/webapps/docs] has finished in [20] ms
06-Oct-2022 11:43:30.024 INFO [main] org.apache.catalina.startup.HostConfig.deployDirectory Deploying web application directory [/home/marcel/IES_101043/lab02/apache-tomcat-9.0.67/apache-tomcat-9.0.67/webapps/host-manager]
06-Oct-2022 11:43:30.042 INFO [main] org.apache.catalina.startup.HostConfig.deployDirectory Deployment of web application directory [/home/marcel/IES_101043/lab02/apache-tomcat-9.0.67/apache-tomcat-9.0.67/webapps/host-manager] has finished in [18] ms
06-Oct-2022 11:43:30.057 INFO [main] org.apache.coyote.AbstractProtocol.start Starting ProtocolHandler ["http-nio-8080"]
06-Oct-2022 11:43:30.073 INFO [main] org.apache.catalina.startup.Catalina.start Server startup in [715] milliseconds
06-Oct-2022 11:49:00.209 INFO [Catalina-utility-1] org.apache.catalina.users.MemoryUserDatabase.backgroundProcess Reloading memory user database [UserDatabase] from updated source [file:/home/marcel/IES_101043/lab02/apache-tomcat-9.0.67/apache-tomcat-9.0.67/conf/tomcat-users.xml]
06-Oct-2022 12:17:02.169 INFO [http-nio-8080-exec-6] org.apache.catalina.startup.HostConfig.deployWAR Deploying web application archive [/home/marcel/IES_101043/lab02/apache-tomcat-9.0.67/apache-tomcat-9.0.67/webapps/tomcat-1.0-SNAPSHOT.war]
06-Oct-2022 12:17:02.257 INFO [http-nio-8080-exec-6] org.apache.catalina.startup.HostConfig.deployWAR Deployment of web application archive [/home/marcel/IES_101043/lab02/apache-tomcat-9.0.67/apache-tomcat-9.0.67/webapps/tomcat-1.0-SNAPSHOT.war] has finished in [89] ms
06-Oct-2022 12:28:47.007 INFO [http-nio-8080-exec-5] org.apache.catalina.startup.HostConfig.undeploy Undeploying context [/tomcat-1.0-SNAPSHOT]
06-Oct-2022 12:28:59.706 INFO [http-nio-8080-exec-7] org.apache.catalina.startup.HostConfig.deployWAR Deploying web application archive [/home/marcel/IES_101043/lab02/apache-tomcat-9.0.67/apache-tomcat-9.0.67/webapps/tomcat-1.0-SNAPSHOT.war]
06-Oct-2022 12:28:59.750 INFO [http-nio-8080-exec-7] org.apache.catalina.startup.HostConfig.deployWAR Deployment of web application archive [/home/marcel/IES_101043/lab02/apache-tomcat-9.0.67/apache-tomcat-9.0.67/webapps/tomcat-1.0-SNAPSHOT.war] has finished in [43] ms
06-Oct-2022 12:29:33.657 INFO [http-nio-8080-exec-10] org.apache.catalina.startup.HostConfig.undeploy Undeploying context [/tomcat-1.0-SNAPSHOT]
06-Oct-2022 12:29:38.766 INFO [http-nio-8080-exec-13] org.apache.catalina.startup.HostConfig.deployWAR Deploying web application archive [/home/marcel/IES_101043/lab02/apache-tomcat-9.0.67/apache-tomcat-9.0.67/webapps/tomcat-1.0-SNAPSHOT.war]
06-Oct-2022 12:29:38.810 INFO [http-nio-8080-exec-13] org.apache.catalina.startup.HostConfig.deployWAR Deployment of web application archive [/home/marcel/IES_101043/lab02/apache-tomcat-9.0.67/apache-tomcat-9.0.67/webapps/tomcat-1.0-SNAPSHOT.war] has finished in [43] ms
06-Oct-2022 20:10:51.406 INFO [main] org.apache.catalina.startup.VersionLoggerListener.log Server version name:   Apache Tomcat/9.0.67
06-Oct-2022 20:10:51.408 INFO [main] org.apache.catalina.startup.VersionLoggerListener.log Server built:          Sep 23 2022 11:22:29 UTC
06-Oct-2022 20:10:51.409 INFO [main] org.apache.catalina.startup.VersionLoggerListener.log Server version number: 9.0.67.0
06-Oct-2022 20:10:51.409 INFO [main] org.apache.catalina.startup.VersionLoggerListener.log OS Name:               Linux
06-Oct-2022 20:10:51.409 INFO [main] org.apache.catalina.startup.VersionLoggerListener.log OS Version:            5.15.57.1-microsoft-standard-WSL2
06-Oct-2022 20:10:51.409 INFO [main] org.apache.catalina.startup.VersionLoggerListener.log Architecture:          amd64
06-Oct-2022 20:10:51.409 INFO [main] org.apache.catalina.startup.VersionLoggerListener.log Java Home:             /usr/lib/jvm/java-11-openjdk-amd64
06-Oct-2022 20:10:51.409 INFO [main] org.apache.catalina.startup.VersionLoggerListener.log JVM Version:           11.0.16+8-post-Ubuntu-0ubuntu120.04
06-Oct-2022 20:10:51.409 INFO [main] org.apache.catalina.startup.VersionLoggerListener.log JVM Vendor:            Ubuntu
06-Oct-2022 20:10:51.409 INFO [main] org.apache.catalina.startup.VersionLoggerListener.log CATALINA_BASE:         /home/marcel/IES_101043/lab02/apache-tomcat-9.0.67/apache-tomcat-9.0.67
06-Oct-2022 20:10:51.410 INFO [main] org.apache.catalina.startup.VersionLoggerListener.log CATALINA_HOME:         /home/marcel/IES_101043/lab02/apache-tomcat-9.0.67/apache-tomcat-9.0.67
06-Oct-2022 20:10:51.422 INFO [main] org.apache.catalina.startup.VersionLoggerListener.log Command line argument: --add-opens=java.base/java.lang=ALL-UNNAMED
06-Oct-2022 20:10:51.423 INFO [main] org.apache.catalina.startup.VersionLoggerListener.log Command line argument: --add-opens=java.base/java.io=ALL-UNNAMED
06-Oct-2022 20:10:51.423 INFO [main] org.apache.catalina.startup.VersionLoggerListener.log Command line argument: --add-opens=java.base/java.util=ALL-UNNAMED
06-Oct-2022 20:10:51.423 INFO [main] org.apache.catalina.startup.VersionLoggerListener.log Command line argument: --add-opens=java.base/java.util.concurrent=ALL-UNNAMED
06-Oct-2022 20:10:51.423 INFO [main] org.apache.catalina.startup.VersionLoggerListener.log Command line argument: --add-opens=java.rmi/sun.rmi.transport=ALL-UNNAMED
06-Oct-2022 20:10:51.423 INFO [main] org.apache.catalina.startup.VersionLoggerListener.log Command line argument: -Djava.util.logging.config.file=/home/marcel/IES_101043/lab02/apache-tomcat-9.0.67/apache-tomcat-9.0.67/conf/logging.properties
06-Oct-2022 20:10:51.424 INFO [main] org.apache.catalina.startup.VersionLoggerListener.log Command line argument: -Djava.util.logging.manager=org.apache.juli.ClassLoaderLogManager
06-Oct-2022 20:10:51.424 INFO [main] org.apache.catalina.startup.VersionLoggerListener.log Command line argument: -Djdk.tls.ephemeralDHKeySize=2048
06-Oct-2022 20:10:51.424 INFO [main] org.apache.catalina.startup.VersionLoggerListener.log Command line argument: -Djava.protocol.handler.pkgs=org.apache.catalina.webresources
06-Oct-2022 20:10:51.424 INFO [main] org.apache.catalina.startup.VersionLoggerListener.log Command line argument: -Dorg.apache.catalina.security.SecurityListener.UMASK=0027
06-Oct-2022 20:10:51.424 INFO [main] org.apache.catalina.startup.VersionLoggerListener.log Command line argument: -Dignore.endorsed.dirs=
06-Oct-2022 20:10:51.424 INFO [main] org.apache.catalina.startup.VersionLoggerListener.log Command line argument: -Dcatalina.base=/home/marcel/IES_101043/lab02/apache-tomcat-9.0.67/apache-tomcat-9.0.67
06-Oct-2022 20:10:51.424 INFO [main] org.apache.catalina.startup.VersionLoggerListener.log Command line argument: -Dcatalina.home=/home/marcel/IES_101043/lab02/apache-tomcat-9.0.67/apache-tomcat-9.0.67
06-Oct-2022 20:10:51.425 INFO [main] org.apache.catalina.startup.VersionLoggerListener.log Command line argument: -Djava.io.tmpdir=/home/marcel/IES_101043/lab02/apache-tomcat-9.0.67/apache-tomcat-9.0.67/temp
06-Oct-2022 20:10:51.426 INFO [main] org.apache.catalina.core.AprLifecycleListener.lifecycleEvent The Apache Tomcat Native library which allows using OpenSSL was not found on the java.library.path: [/usr/java/packages/lib:/usr/lib/x86_64-linux-gnu/jni:/lib/x86_64-linux-gnu:/usr/lib/x86_64-linux-gnu:/usr/lib/jni:/lib:/usr/lib]
06-Oct-2022 20:10:51.696 INFO [main] org.apache.coyote.AbstractProtocol.init Initializing ProtocolHandler ["http-nio-8080"]
06-Oct-2022 20:10:51.719 INFO [main] org.apache.catalina.startup.Catalina.load Server initialization in [477] milliseconds
06-Oct-2022 20:10:51.766 INFO [main] org.apache.catalina.core.StandardService.startInternal Starting service [Catalina]
06-Oct-2022 20:10:51.766 INFO [main] org.apache.catalina.core.StandardEngine.startInternal Starting Servlet engine: [Apache Tomcat/9.0.67]
06-Oct-2022 20:10:51.777 INFO [main] org.apache.catalina.startup.HostConfig.deployWAR Deploying web application archive [/home/marcel/IES_101043/lab02/apache-tomcat-9.0.67/apache-tomcat-9.0.67/webapps/tomcat-1.0-SNAPSHOT.war]
06-Oct-2022 20:10:51.985 INFO [main] org.apache.catalina.startup.HostConfig.deployWAR Deployment of web application archive [/home/marcel/IES_101043/lab02/apache-tomcat-9.0.67/apache-tomcat-9.0.67/webapps/tomcat-1.0-SNAPSHOT.war] has finished in [208] ms
06-Oct-2022 20:10:51.986 INFO [main] org.apache.catalina.startup.HostConfig.deployDirectory Deploying web application directory [/home/marcel/IES_101043/lab02/apache-tomcat-9.0.67/apache-tomcat-9.0.67/webapps/manager]
06-Oct-2022 20:10:52.016 INFO [main] org.apache.catalina.startup.HostConfig.deployDirectory Deployment of web application directory [/home/marcel/IES_101043/lab02/apache-tomcat-9.0.67/apache-tomcat-9.0.67/webapps/manager] has finished in [30] ms
06-Oct-2022 20:10:52.017 INFO [main] org.apache.catalina.startup.HostConfig.deployDirectory Deploying web application directory [/home/marcel/IES_101043/lab02/apache-tomcat-9.0.67/apache-tomcat-9.0.67/webapps/ROOT]
06-Oct-2022 20:10:52.032 INFO [main] org.apache.catalina.startup.HostConfig.deployDirectory Deployment of web application directory [/home/marcel/IES_101043/lab02/apache-tomcat-9.0.67/apache-tomcat-9.0.67/webapps/ROOT] has finished in [15] ms
06-Oct-2022 20:10:52.033 INFO [main] org.apache.catalina.startup.HostConfig.deployDirectory Deploying web application directory [/home/marcel/IES_101043/lab02/apache-tomcat-9.0.67/apache-tomcat-9.0.67/webapps/examples]
06-Oct-2022 20:10:52.211 INFO [main] org.apache.catalina.startup.HostConfig.deployDirectory Deployment of web application directory [/home/marcel/IES_101043/lab02/apache-tomcat-9.0.67/apache-tomcat-9.0.67/webapps/examples] has finished in [179] ms
06-Oct-2022 20:10:52.211 INFO [main] org.apache.catalina.startup.HostConfig.deployDirectory Deploying web application directory [/home/marcel/IES_101043/lab02/apache-tomcat-9.0.67/apache-tomcat-9.0.67/webapps/docs]
06-Oct-2022 20:10:52.223 INFO [main] org.apache.catalina.startup.HostConfig.deployDirectory Deployment of web application directory [/home/marcel/IES_101043/lab02/apache-tomcat-9.0.67/apache-tomcat-9.0.67/webapps/docs] has finished in [12] ms
06-Oct-2022 20:10:52.223 INFO [main] org.apache.catalina.startup.HostConfig.deployDirectory Deploying web application directory [/home/marcel/IES_101043/lab02/apache-tomcat-9.0.67/apache-tomcat-9.0.67/webapps/host-manager]
06-Oct-2022 20:10:52.243 INFO [main] org.apache.catalina.startup.HostConfig.deployDirectory Deployment of web application directory [/home/marcel/IES_101043/lab02/apache-tomcat-9.0.67/apache-tomcat-9.0.67/webapps/host-manager] has finished in [20] ms
06-Oct-2022 20:10:52.249 INFO [main] org.apache.coyote.AbstractProtocol.start Starting ProtocolHandler ["http-nio-8080"]
06-Oct-2022 20:10:52.261 INFO [main] org.apache.catalina.startup.Catalina.start Server startup in [541] milliseconds
06-Oct-2022 20:11:01.612 INFO [http-nio-8080-exec-4] org.apache.catalina.startup.HostConfig.undeploy Undeploying context [/tomcat-1.0-SNAPSHOT]
06-Oct-2022 20:11:09.139 INFO [http-nio-8080-exec-2] org.apache.catalina.startup.HostConfig.deployWAR Deploying web application archive [/home/marcel/IES_101043/lab02/apache-tomcat-9.0.67/apache-tomcat-9.0.67/webapps/tomcat-1.0-SNAPSHOT.war]
06-Oct-2022 20:11:09.227 INFO [http-nio-8080-exec-2] org.apache.jasper.servlet.TldScanner.scanJars At least one JAR was scanned for TLDs yet contained no TLDs. Enable debug logging for this logger for a complete list of JARs that were scanned but no TLDs were found in them. Skipping unneeded JARs during scanning can improve startup time and JSP compilation time.
06-Oct-2022 20:11:09.229 INFO [http-nio-8080-exec-2] org.apache.catalina.startup.HostConfig.deployWAR Deployment of web application archive [/home/marcel/IES_101043/lab02/apache-tomcat-9.0.67/apache-tomcat-9.0.67/webapps/tomcat-1.0-SNAPSHOT.war] has finished in [90] ms
06-Oct-2022 20:12:39.607 INFO [http-nio-8080-exec-14] org.apache.catalina.startup.HostConfig.undeploy Undeploying context [/tomcat-1.0-SNAPSHOT]
06-Oct-2022 20:12:43.231 INFO [http-nio-8080-exec-15] org.apache.catalina.startup.HostConfig.deployWAR Deploying web application archive [/home/marcel/IES_101043/lab02/apache-tomcat-9.0.67/apache-tomcat-9.0.67/webapps/tomcat-1.0-SNAPSHOT.war]
06-Oct-2022 20:12:43.262 INFO [http-nio-8080-exec-15] org.apache.jasper.servlet.TldScanner.scanJars At least one JAR was scanned for TLDs yet contained no TLDs. Enable debug logging for this logger for a complete list of JARs that were scanned but no TLDs were found in them. Skipping unneeded JARs during scanning can improve startup time and JSP compilation time.
06-Oct-2022 20:12:43.263 INFO [http-nio-8080-exec-15] org.apache.catalina.startup.HostConfig.deployWAR Deployment of web application archive [/home/marcel/IES_101043/lab02/apache-tomcat-9.0.67/apache-tomcat-9.0.67/webapps/tomcat-1.0-SNAPSHOT.war] has finished in [32] ms
06-Oct-2022 20:56:24.269 INFO [main] org.apache.catalina.core.StandardServer.await A valid shutdown command was received via the shutdown port. Stopping the Server instance.
06-Oct-2022 20:56:24.270 INFO [main] org.apache.coyote.AbstractProtocol.pause Pausing ProtocolHandler ["http-nio-8080"]
06-Oct-2022 20:56:24.274 INFO [main] org.apache.catalina.core.StandardService.stopInternal Stopping service [Catalina]
06-Oct-2022 20:56:24.324 INFO [main] org.apache.coyote.AbstractProtocol.stop Stopping ProtocolHandler ["http-nio-8080"]
06-Oct-2022 20:56:24.330 INFO [main] org.apache.coyote.AbstractProtocol.destroy Destroying ProtocolHandler ["http-nio-8080"]
